2026/01/19 17:44:43 Daemon starting (PID 294196)
2026/01/19 17:44:43 Daemon running, recovery heartbeat interval 3m0s
2026/01/19 17:44:43 Feed curator started
2026/01/19 17:44:43 Convoy watcher started
2026/01/19 17:44:43 Heartbeat starting (recovery-focused)
2026/01/19 17:45:49 Error starting Deacon: waiting for deacon to start: timeout waiting for command (still running excluded command)
2026/01/19 17:45:49 Spawning Boot for triage...
2026/01/19 17:45:49 Boot spawned successfully
2026/01/19 17:45:49 Warning: no wisp config for gastown - parked state may have been lost
2026/01/19 17:46:55 Error starting witness for gastown: waiting for witness to start: timeout waiting for command (still running excluded command)
2026/01/19 17:46:55 Warning: no wisp config for gastown - parked state may have been lost
2026/01/19 17:46:58 Refinery session for gastown started successfully
2026/01/19 17:47:01 Heartbeat complete (#1)
2026/01/19 17:48:01 Heartbeat starting (recovery-focused)
2026/01/19 17:49:04 Error starting Deacon: waiting for deacon to start: timeout waiting for command (still running excluded command)
2026/01/19 17:49:04 Spawning Boot for triage...
2026/01/19 17:49:04 Boot spawned successfully
2026/01/19 17:49:04 Warning: no wisp config for gastown - parked state may have been lost
2026/01/19 17:50:10 Error starting witness for gastown: waiting for witness to start: timeout waiting for command (still running excluded command)
2026/01/19 17:50:10 Warning: no wisp config for gastown - parked state may have been lost
2026/01/19 17:50:13 Refinery session for gastown started successfully
2026/01/19 17:50:16 Heartbeat complete (#2)
2026/01/19 17:53:33 Heartbeat starting (recovery-focused)
2026/01/19 17:54:40 Error starting Deacon: waiting for deacon to start: timeout waiting for command (still running excluded command)
2026/01/19 17:54:40 Spawning Boot for triage...
2026/01/19 17:54:40 Boot spawned successfully
2026/01/19 17:54:40 Warning: no wisp config for gastown - parked state may have been lost
2026/01/19 17:55:46 Error starting witness for gastown: waiting for witness to start: timeout waiting for command (still running excluded command)
2026/01/19 17:55:46 Warning: no wisp config for gastown - parked state may have been lost
2026/01/19 17:55:49 Refinery session for gastown started successfully
2026/01/19 17:55:52 Heartbeat complete (#3)
2026/01/19 17:59:07 Heartbeat starting (recovery-focused)
2026/01/19 18:00:13 Error starting Deacon: waiting for deacon to start: timeout waiting for command (still running excluded command)
2026/01/19 18:00:13 Spawning Boot for triage...
2026/01/19 18:00:13 Boot spawned successfully
2026/01/19 18:00:13 Warning: no wisp config for gastown - parked state may have been lost
2026/01/19 18:01:20 Error starting witness for gastown: waiting for witness to start: timeout waiting for command (still running excluded command)
2026/01/19 18:01:20 Warning: no wisp config for gastown - parked state may have been lost
2026/01/19 18:01:23 Refinery session for gastown started successfully
2026/01/19 18:01:25 Heartbeat complete (#4)
2026/01/19 18:04:43 Heartbeat starting (recovery-focused)
